19:18:32.410 [main] INFO  testCase.TC_001_AccountRegistrationTest - **** Starting TC_001_AccountRegistrationTest ****
19:18:32.511 [main] INFO  testCase.TC_001_AccountRegistrationTest - Clicked on My Account link
19:18:32.924 [main] INFO  testCase.TC_001_AccountRegistrationTest - Clicked on Register link
19:18:32.930 [main] INFO  testCase.TC_001_AccountRegistrationTest - Providing customer data
19:18:40.853 [main] INFO  testCase.TC_001_AccountRegistrationTest - Clicked on continue
19:18:45.856 [main] INFO  testCase.TC_001_AccountRegistrationTest - Validating expected message
19:18:45.900 [main] INFO  testCase.TC_001_AccountRegistrationTest - **** Finished TC_001_AccountRegistrationTest ****
19:20:27.881 [main] DEBUG io.netty.util.internal.logging.InternalLoggerFactory - Using Log4J2 as the default logging framework
19:20:27.901 [main] DEBUG io.netty.util.ResourceLeakDetector - -Dio.netty.leakDetection.level: simple
19:20:27.901 [main] DEBUG io.netty.util.ResourceLeakDetector - -Dio.netty.leakDetection.targetRecords: 4
19:20:27.904 [main] DEBUG io.netty.util.ResourceLeakDetectorFactory - Loaded default ResourceLeakDetector: io.netty.util.ResourceLeakDetector@426e505c
19:20:27.916 [main] DEBUG io.netty.util.internal.PlatformDependent0 - -Dio.netty.noUnsafe: false
19:20:27.916 [main] DEBUG io.netty.util.internal.PlatformDependent0 - Java version: 17
19:20:27.916 [main] DEBUG io.netty.util.internal.PlatformDependent0 - sun.misc.Unsafe.theUnsafe: available
19:20:27.917 [main] DEBUG io.netty.util.internal.PlatformDependent0 - sun.misc.Unsafe.copyMemory: available
19:20:27.917 [main] DEBUG io.netty.util.internal.PlatformDependent0 - sun.misc.Unsafe.storeFence: available
19:20:27.917 [main] DEBUG io.netty.util.internal.PlatformDependent0 - java.nio.Buffer.address: available
19:20:27.918 [main] DEBUG io.netty.util.internal.PlatformDependent0 - direct buffer constructor: unavailable: Reflective setAccessible(true) disabled
19:20:27.918 [main] DEBUG io.netty.util.internal.PlatformDependent0 - java.nio.Bits.unaligned: available, true
19:20:27.919 [main] DEBUG io.netty.util.internal.PlatformDependent0 - jdk.internal.misc.Unsafe.allocateUninitializedArray(int): unavailable: class io.netty.util.internal.PlatformDependent0$7 cannot access class jdk.internal.misc.Unsafe (in module java.base) because module java.base does not export jdk.internal.misc to unnamed module @198e2867
19:20:27.919 [main] DEBUG io.netty.util.internal.PlatformDependent0 - java.nio.DirectByteBuffer.<init>(long, int): unavailable
19:20:27.919 [main] DEBUG io.netty.util.internal.PlatformDependent - sun.misc.Unsafe: available
19:20:27.919 [main] DEBUG io.netty.util.internal.PlatformDependent - maxDirectMemory: 2090860544 bytes (maybe)
19:20:27.920 [main] DEBUG io.netty.util.internal.PlatformDependent - -Dio.netty.tmpdir: C:\Users\RAMESH~1\AppData\Local\Temp (java.io.tmpdir)
19:20:27.920 [main] DEBUG io.netty.util.internal.PlatformDependent - -Dio.netty.bitMode: 64 (sun.arch.data.model)
19:20:27.920 [main] DEBUG io.netty.util.internal.PlatformDependent - Platform: Windows
19:20:27.920 [main] DEBUG io.netty.util.internal.PlatformDependent - -Dio.netty.maxDirectMemory: -1 bytes
19:20:27.920 [main] DEBUG io.netty.util.internal.PlatformDependent - -Dio.netty.uninitializedArrayAllocationThreshold: -1
19:20:27.921 [main] DEBUG io.netty.util.internal.CleanerJava9 - java.nio.ByteBuffer.cleaner(): available
19:20:27.921 [main] DEBUG io.netty.util.internal.PlatformDependent - -Dio.netty.noPreferDirect: false
19:20:27.925 [main] DEBUG io.netty.util.internal.PlatformDependent - org.jctools-core.MpscChunkedArrayQueue: available
19:20:27.935 [main] DEBUG io.netty.util.internal.InternalThreadLocalMap - -Dio.netty.threadLocalMap.stringBuilder.initialSize: 1024
19:20:27.935 [main] DEBUG io.netty.util.internal.InternalThreadLocalMap - -Dio.netty.threadLocalMap.stringBuilder.maxSize: 4096
19:20:27.977 [main] DEBUG io.netty.handler.ssl.JdkSslContext - Default protocols (JDK): [TLSv1.3, TLSv1.2] 
19:20:27.977 [main] DEBUG io.netty.handler.ssl.JdkSslContext - Default cipher suites (JDK): [TLS_ECDHE_ECDSA_WITH_AES_256_GCM_SHA384, TLS_ECDHE_ECDSA_WITH_AES_128_GCM_SHA256, TLS_ECDHE_RSA_WITH_AES_128_GCM_SHA256, TLS_ECDHE_RSA_WITH_AES_256_GCM_SHA384, TLS_ECDHE_RSA_WITH_AES_128_CBC_SHA, TLS_ECDHE_RSA_WITH_AES_256_CBC_SHA, TLS_RSA_WITH_AES_128_GCM_SHA256, TLS_RSA_WITH_AES_128_CBC_SHA, TLS_RSA_WITH_AES_256_CBC_SHA, TLS_AES_128_GCM_SHA256, TLS_AES_256_GCM_SHA384]
19:20:27.991 [main] DEBUG io.netty.channel.MultithreadEventLoopGroup - -Dio.netty.eventLoopThreads: 8
19:20:27.996 [main] DEBUG io.netty.channel.nio.NioEventLoop - -Dio.netty.noKeySetOptimization: false
19:20:27.996 [main] DEBUG io.netty.channel.nio.NioEventLoop - -Dio.netty.selectorAutoRebuildThreshold: 512
19:20:28.049 [main] DEBUG io.netty.buffer.PooledByteBufAllocator - -Dio.netty.allocator.numHeapArenas: 8
19:20:28.049 [main] DEBUG io.netty.buffer.PooledByteBufAllocator - -Dio.netty.allocator.numDirectArenas: 8
19:20:28.049 [main] DEBUG io.netty.buffer.PooledByteBufAllocator - -Dio.netty.allocator.pageSize: 8192
19:20:28.049 [main] DEBUG io.netty.buffer.PooledByteBufAllocator - -Dio.netty.allocator.maxOrder: 9
19:20:28.049 [main] DEBUG io.netty.buffer.PooledByteBufAllocator - -Dio.netty.allocator.chunkSize: 4194304
19:20:28.049 [main] DEBUG io.netty.buffer.PooledByteBufAllocator - -Dio.netty.allocator.smallCacheSize: 256
19:20:28.049 [main] DEBUG io.netty.buffer.PooledByteBufAllocator - -Dio.netty.allocator.normalCacheSize: 64
19:20:28.049 [main] DEBUG io.netty.buffer.PooledByteBufAllocator - -Dio.netty.allocator.maxCachedBufferCapacity: 32768
19:20:28.049 [main] DEBUG io.netty.buffer.PooledByteBufAllocator - -Dio.netty.allocator.cacheTrimInterval: 8192
19:20:28.049 [main] DEBUG io.netty.buffer.PooledByteBufAllocator - -Dio.netty.allocator.cacheTrimIntervalMillis: 0
19:20:28.049 [main] DEBUG io.netty.buffer.PooledByteBufAllocator - -Dio.netty.allocator.useCacheForAllThreads: false
19:20:28.050 [main] DEBUG io.netty.buffer.PooledByteBufAllocator - -Dio.netty.allocator.maxCachedByteBuffersPerChunk: 1023
19:20:28.056 [main] DEBUG io.netty.buffer.ByteBufUtil - -Dio.netty.allocator.type: pooled
19:20:28.056 [main] DEBUG io.netty.buffer.ByteBufUtil - -Dio.netty.threadLocalDirectBufferSize: 0
19:20:28.056 [main] DEBUG io.netty.buffer.ByteBufUtil - -Dio.netty.maxThreadLocalCharBufferSize: 16384
19:20:28.322 [Forwarding newSession on session null to remote] DEBUG io.netty.channel.DefaultChannelId - -Dio.netty.processId: 6448 (auto-detected)
19:20:28.324 [Forwarding newSession on session null to remote] DEBUG io.netty.util.NetUtil - -Djava.net.preferIPv4Stack: false
19:20:28.324 [Forwarding newSession on session null to remote] DEBUG io.netty.util.NetUtil - -Djava.net.preferIPv6Addresses: false
19:20:28.328 [Forwarding newSession on session null to remote] DEBUG io.netty.util.NetUtilInitializations - Loopback interface: lo (Software Loopback Interface 1, 127.0.0.1)
19:20:28.328 [Forwarding newSession on session null to remote] DEBUG io.netty.util.NetUtil - Failed to get SOMAXCONN from sysctl and file \proc\sys\net\core\somaxconn. Default: 200
19:20:28.335 [Forwarding newSession on session null to remote] DEBUG io.netty.channel.DefaultChannelId - -Dio.netty.machineId: 38:87:d5:ff:fe:a3:26:e5 (auto-detected)
19:20:28.365 [AsyncHttpClient-1-2] DEBUG io.netty.buffer.AbstractByteBuf - -Dio.netty.buffer.checkAccessible: true
19:20:28.365 [AsyncHttpClient-1-2] DEBUG io.netty.buffer.AbstractByteBuf - -Dio.netty.buffer.checkBounds: true
19:20:28.365 [AsyncHttpClient-1-2] DEBUG io.netty.util.ResourceLeakDetectorFactory - Loaded default ResourceLeakDetector: io.netty.util.ResourceLeakDetector@677020ab
19:20:28.378 [AsyncHttpClient-1-2] DEBUG io.netty.util.Recycler - -Dio.netty.recycler.maxCapacityPerThread: 4096
19:20:28.378 [AsyncHttpClient-1-2] DEBUG io.netty.util.Recycler - -Dio.netty.recycler.ratio: 8
19:20:28.378 [AsyncHttpClient-1-2] DEBUG io.netty.util.Recycler - -Dio.netty.recycler.chunkSize: 32
19:20:28.378 [AsyncHttpClient-1-2] DEBUG io.netty.util.Recycler - -Dio.netty.recycler.blocking: false
19:20:29.081 [AsyncHttpClient-1-2] DEBUG io.netty.handler.codec.compression.Brotli - brotli4j not in the classpath; Brotli support will be unavailable.
19:20:29.150 [main] DEBUG io.netty.util.internal.ThreadLocalRandom - -Dio.netty.initialSeedUniquifier: 0xa9f7983b5ce26192
19:20:30.413 [main] INFO  testCase.TC_001_AccountRegistrationTest - **** Starting TC_001_AccountRegistrationTest ****
19:20:30.486 [main] INFO  testCase.TC_001_AccountRegistrationTest - Clicked on My Account link
19:20:30.806 [main] INFO  testCase.TC_001_AccountRegistrationTest - Clicked on Register link
19:20:30.808 [main] INFO  testCase.TC_001_AccountRegistrationTest - Providing customer data
19:20:38.651 [main] INFO  testCase.TC_001_AccountRegistrationTest - Clicked on continue
19:20:43.658 [main] INFO  testCase.TC_001_AccountRegistrationTest - Validating expected message
19:20:43.692 [main] INFO  testCase.TC_001_AccountRegistrationTest - **** Finished TC_001_AccountRegistrationTest ****
20:07:18.588 [main] INFO  testCase.TC_001_AccountRegistrationTest - **** Starting TC_001_AccountRegistrationTest ****
20:07:18.689 [main] INFO  testCase.TC_001_AccountRegistrationTest - Clicked on My Account link
20:07:18.962 [main] INFO  testCase.TC_001_AccountRegistrationTest - Clicked on Register link
20:07:18.969 [main] INFO  testCase.TC_001_AccountRegistrationTest - Providing customer data
20:07:26.733 [main] INFO  testCase.TC_001_AccountRegistrationTest - Clicked on continue
20:07:31.739 [main] INFO  testCase.TC_001_AccountRegistrationTest - Validating expected message
20:07:31.773 [main] INFO  testCase.TC_001_AccountRegistrationTest - **** Finished TC_001_AccountRegistrationTest ****
20:18:43.052 [main] INFO  testCase.TC_001_AccountRegistrationTest - **** Starting TC_001_AccountRegistrationTest ****
20:18:43.119 [main] INFO  testCase.TC_001_AccountRegistrationTest - Clicked on My Account link
20:18:43.356 [main] INFO  testCase.TC_001_AccountRegistrationTest - Clicked on Register link
20:18:43.361 [main] INFO  testCase.TC_001_AccountRegistrationTest - Providing customer data
20:18:51.197 [main] INFO  testCase.TC_001_AccountRegistrationTest - Clicked on continue
20:18:56.213 [main] INFO  testCase.TC_001_AccountRegistrationTest - Validating expected message
20:18:56.255 [main] INFO  testCase.TC_001_AccountRegistrationTest - **** Finished TC_001_AccountRegistrationTest ****
20:20:24.007 [main] INFO  testCase.TC_001_AccountRegistrationTest - **** Starting TC_001_AccountRegistrationTest ****
20:20:24.285 [main] INFO  testCase.TC_001_AccountRegistrationTest - Clicked on My Account link
20:20:24.557 [main] INFO  testCase.TC_001_AccountRegistrationTest - Clicked on Register link
20:20:24.560 [main] INFO  testCase.TC_001_AccountRegistrationTest - Providing customer data
20:20:32.272 [main] INFO  testCase.TC_001_AccountRegistrationTest - Clicked on continue
20:20:37.279 [main] INFO  testCase.TC_001_AccountRegistrationTest - Validating expected message
20:20:37.325 [main] INFO  testCase.TC_001_AccountRegistrationTest - **** Finished TC_001_AccountRegistrationTest ****
20:21:08.299 [main] INFO  testCase.TC_001_AccountRegistrationTest - **** Starting TC_001_AccountRegistrationTest ****
20:21:08.367 [main] INFO  testCase.TC_001_AccountRegistrationTest - Clicked on My Account link
20:21:08.597 [main] INFO  testCase.TC_001_AccountRegistrationTest - Clicked on Register link
20:21:08.600 [main] INFO  testCase.TC_001_AccountRegistrationTest - Providing customer data
20:21:16.309 [main] INFO  testCase.TC_001_AccountRegistrationTest - Clicked on continue
20:21:21.316 [main] INFO  testCase.TC_001_AccountRegistrationTest - Validating expected message
20:21:21.356 [main] INFO  testCase.TC_001_AccountRegistrationTest - **** Finished TC_001_AccountRegistrationTest ****
20:31:51.118 [TestNG-tests-1] INFO  testCase.TC_001_AccountRegistrationTest - **** Starting TC_001_AccountRegistrationTest ****
20:31:51.271 [TestNG-tests-1] INFO  testCase.TC_001_AccountRegistrationTest - Clicked on My Account link
20:31:51.780 [TestNG-tests-1] INFO  testCase.TC_001_AccountRegistrationTest - Clicked on Register link
20:31:51.788 [TestNG-tests-1] INFO  testCase.TC_001_AccountRegistrationTest - Providing customer data
20:31:53.140 [TestNG-tests-2] INFO  testCase.TC_001_AccountRegistrationTest - **** Starting TC_001_AccountRegistrationTest ****
20:31:53.397 [TestNG-tests-2] INFO  testCase.TC_001_AccountRegistrationTest - Clicked on My Account link
20:31:53.660 [TestNG-tests-2] INFO  testCase.TC_001_AccountRegistrationTest - Clicked on Register link
20:31:53.663 [TestNG-tests-2] INFO  testCase.TC_001_AccountRegistrationTest - Providing customer data
20:31:59.798 [TestNG-tests-1] INFO  testCase.TC_001_AccountRegistrationTest - Clicked on continue
20:32:01.336 [TestNG-tests-2] INFO  testCase.TC_001_AccountRegistrationTest - Clicked on continue
20:32:04.810 [TestNG-tests-1] INFO  testCase.TC_001_AccountRegistrationTest - Validating expected message
20:32:04.877 [TestNG-tests-1] INFO  testCase.TC_001_AccountRegistrationTest - **** Finished TC_001_AccountRegistrationTest ****
20:32:06.338 [TestNG-tests-2] INFO  testCase.TC_001_AccountRegistrationTest - Validating expected message
20:32:06.382 [TestNG-tests-2] INFO  testCase.TC_001_AccountRegistrationTest - **** Finished TC_001_AccountRegistrationTest ****
20:48:38.773 [main] INFO  testCase.TC_001_AccountRegistrationTest - **** Starting TC_001_AccountRegistrationTest ****
20:48:38.842 [main] INFO  testCase.TC_001_AccountRegistrationTest - Clicked on My Account link
20:48:39.075 [main] INFO  testCase.TC_001_AccountRegistrationTest - Clicked on Register link
20:48:39.076 [main] INFO  testCase.TC_001_AccountRegistrationTest - Providing customer data
20:48:46.850 [main] INFO  testCase.TC_001_AccountRegistrationTest - Clicked on continue
20:48:51.852 [main] INFO  testCase.TC_001_AccountRegistrationTest - Validating expected message
20:48:51.889 [main] INFO  testCase.TC_001_AccountRegistrationTest - **** Finished TC_001_AccountRegistrationTest ****
21:48:54.955 [main] INFO  testCase.TC_001_AccountRegistrationTest - **** Starting TC_001_AccountRegistrationTest ****
21:48:55.040 [main] INFO  testCase.TC_001_AccountRegistrationTest - Clicked on My Account link
21:48:55.329 [main] INFO  testCase.TC_001_AccountRegistrationTest - Clicked on Register link
21:48:55.336 [main] INFO  testCase.TC_001_AccountRegistrationTest - Providing customer data
21:49:03.191 [main] INFO  testCase.TC_001_AccountRegistrationTest - Clicked on continue
21:49:08.196 [main] INFO  testCase.TC_001_AccountRegistrationTest - Validating expected message
21:49:08.226 [main] INFO  testCase.TC_001_AccountRegistrationTest - **** Finished TC_001_AccountRegistrationTest ****
21:50:18.293 [main] INFO  testCase.TC_001_AccountRegistrationTest - **** Starting TC_001_AccountRegistrationTest ****
21:50:18.377 [main] INFO  testCase.TC_001_AccountRegistrationTest - Clicked on My Account link
21:50:18.630 [main] INFO  testCase.TC_001_AccountRegistrationTest - Clicked on Register link
21:50:18.634 [main] INFO  testCase.TC_001_AccountRegistrationTest - Providing customer data
21:50:26.508 [main] INFO  testCase.TC_001_AccountRegistrationTest - Clicked on continue
21:50:31.515 [main] INFO  testCase.TC_001_AccountRegistrationTest - Validating expected message
13:26:51.374 [main] INFO  testCase.TC_001_AccountRegistrationTest - **** Starting TC_001_AccountRegistrationTest ****
13:26:51.435 [main] INFO  testCase.TC_001_AccountRegistrationTest - Clicked on My Account link
13:26:51.725 [main] INFO  testCase.TC_001_AccountRegistrationTest - Clicked on Register link
13:26:51.730 [main] INFO  testCase.TC_001_AccountRegistrationTest - Providing customer data
13:26:59.419 [main] INFO  testCase.TC_001_AccountRegistrationTest - Clicked on continue
13:27:04.424 [main] INFO  testCase.TC_001_AccountRegistrationTest - Validating expected message
13:27:04.461 [main] INFO  testCase.TC_001_AccountRegistrationTest - **** Finished TC_001_AccountRegistrationTest ****
14:38:30.426 [main] INFO  testCase.TC_002_LoginTest - *** Starting TC_002_LoginTest ***
14:38:30.473 [main] INFO  testCase.TC_002_LoginTest - Clicked on My Account
14:38:30.685 [main] INFO  testCase.TC_002_LoginTest - Clicked on Login
14:38:30.758 [main] INFO  testCase.TC_002_LoginTest - Entered Email...
14:38:30.828 [main] INFO  testCase.TC_002_LoginTest - Entered Password...
14:38:31.017 [main] INFO  testCase.TC_002_LoginTest - Clicked Login...
14:38:31.054 [main] INFO  testCase.TC_002_LoginTest - *** Finished TC_002_LoginTest ***
14:42:24.179 [main] INFO  testCase.TC_002_LoginTest - *** Starting TC_002_LoginTest ***
14:42:24.262 [main] INFO  testCase.TC_002_LoginTest - Clicked on My Account
14:42:24.495 [main] INFO  testCase.TC_002_LoginTest - Clicked on Login
14:42:24.577 [main] INFO  testCase.TC_002_LoginTest - Entered Email...
14:42:24.643 [main] INFO  testCase.TC_002_LoginTest - Entered Password...
14:42:24.893 [main] INFO  testCase.TC_002_LoginTest - Clicked Login...
14:42:24.929 [main] INFO  testCase.TC_002_LoginTest - *** Finished TC_002_LoginTest ***
15:58:48.552 [main] INFO  testCase.TC_003_LoginTest_DDT - Starting TC_003_loginTest_DDT
15:58:48.624 [main] INFO  testCase.TC_003_LoginTest_DDT - Clicked on My Account
15:58:48.890 [main] INFO  testCase.TC_003_LoginTest_DDT - Clicked on Login
15:58:48.965 [main] INFO  testCase.TC_003_LoginTest_DDT - Entered Email...
15:58:49.037 [main] INFO  testCase.TC_003_LoginTest_DDT - Entered Password...
15:58:49.225 [main] INFO  testCase.TC_003_LoginTest_DDT - Clicked Login...
15:58:59.267 [main] INFO  testCase.TC_003_LoginTest_DDT - Finished TC_003_loginTest_DDT
15:58:59.299 [main] INFO  testCase.TC_003_LoginTest_DDT - Starting TC_003_loginTest_DDT
15:58:59.360 [main] INFO  testCase.TC_003_LoginTest_DDT - Clicked on My Account
15:58:59.577 [main] INFO  testCase.TC_003_LoginTest_DDT - Clicked on Login
15:58:59.671 [main] INFO  testCase.TC_003_LoginTest_DDT - Entered Email...
15:58:59.759 [main] INFO  testCase.TC_003_LoginTest_DDT - Entered Password...
15:58:59.948 [main] INFO  testCase.TC_003_LoginTest_DDT - Clicked Login...
15:59:09.972 [main] INFO  testCase.TC_003_LoginTest_DDT - Finished TC_003_loginTest_DDT
15:59:09.983 [main] INFO  testCase.TC_003_LoginTest_DDT - Starting TC_003_loginTest_DDT
15:59:10.046 [main] INFO  testCase.TC_003_LoginTest_DDT - Clicked on My Account
15:59:10.246 [main] INFO  testCase.TC_003_LoginTest_DDT - Clicked on Login
15:59:10.314 [main] INFO  testCase.TC_003_LoginTest_DDT - Entered Email...
15:59:10.390 [main] INFO  testCase.TC_003_LoginTest_DDT - Entered Password...
15:59:10.620 [main] INFO  testCase.TC_003_LoginTest_DDT - Clicked Login...
15:59:10.688 [main] INFO  testCase.TC_003_LoginTest_DDT - Finished TC_003_loginTest_DDT
15:59:10.699 [main] INFO  testCase.TC_003_LoginTest_DDT - Starting TC_003_loginTest_DDT
15:59:10.827 [main] INFO  testCase.TC_003_LoginTest_DDT - Clicked on My Account
15:59:21.101 [main] INFO  testCase.TC_003_LoginTest_DDT - Starting TC_003_loginTest_DDT
15:59:21.157 [main] INFO  testCase.TC_003_LoginTest_DDT - Clicked on My Account
16:03:26.953 [main] INFO  testCase.TC_003_LoginTest_DDT - Starting TC_003_loginTest_DDT
16:03:27.012 [main] INFO  testCase.TC_003_LoginTest_DDT - Clicked on My Account
16:03:27.216 [main] INFO  testCase.TC_003_LoginTest_DDT - Clicked on Login
16:03:27.291 [main] INFO  testCase.TC_003_LoginTest_DDT - Entered Email...
16:03:27.354 [main] INFO  testCase.TC_003_LoginTest_DDT - Entered Password...
16:03:27.514 [main] INFO  testCase.TC_003_LoginTest_DDT - Clicked Login...
16:03:37.550 [main] INFO  testCase.TC_003_LoginTest_DDT - Finished TC_003_loginTest_DDT
16:03:37.589 [main] INFO  testCase.TC_003_LoginTest_DDT - Starting TC_003_loginTest_DDT
16:03:37.635 [main] INFO  testCase.TC_003_LoginTest_DDT - Clicked on My Account
16:03:37.818 [main] INFO  testCase.TC_003_LoginTest_DDT - Clicked on Login
16:03:37.884 [main] INFO  testCase.TC_003_LoginTest_DDT - Entered Email...
16:03:37.947 [main] INFO  testCase.TC_003_LoginTest_DDT - Entered Password...
16:03:38.124 [main] INFO  testCase.TC_003_LoginTest_DDT - Clicked Login...
16:03:48.163 [main] INFO  testCase.TC_003_LoginTest_DDT - Finished TC_003_loginTest_DDT
16:03:48.172 [main] INFO  testCase.TC_003_LoginTest_DDT - Starting TC_003_loginTest_DDT
16:03:48.226 [main] INFO  testCase.TC_003_LoginTest_DDT - Clicked on My Account
16:03:48.437 [main] INFO  testCase.TC_003_LoginTest_DDT - Clicked on Login
16:03:48.517 [main] INFO  testCase.TC_003_LoginTest_DDT - Entered Email...
16:03:48.585 [main] INFO  testCase.TC_003_LoginTest_DDT - Entered Password...
16:03:48.797 [main] INFO  testCase.TC_003_LoginTest_DDT - Clicked Login...
16:03:48.850 [main] INFO  testCase.TC_003_LoginTest_DDT - Finished TC_003_loginTest_DDT
16:03:48.865 [main] INFO  testCase.TC_003_LoginTest_DDT - Starting TC_003_loginTest_DDT
16:03:48.921 [main] INFO  testCase.TC_003_LoginTest_DDT - Clicked on My Account
16:03:59.235 [main] INFO  testCase.TC_003_LoginTest_DDT - Starting TC_003_loginTest_DDT
16:03:59.275 [main] INFO  testCase.TC_003_LoginTest_DDT - Clicked on My Account
16:11:30.548 [main] INFO  testCase.TC_003_LoginTest_DDT - Starting TC_003_loginTest_DDT
16:11:30.622 [main] INFO  testCase.TC_003_LoginTest_DDT - Clicked on My Account
16:11:30.828 [main] INFO  testCase.TC_003_LoginTest_DDT - Clicked on Login
16:11:30.894 [main] INFO  testCase.TC_003_LoginTest_DDT - Entered Email...
16:11:30.963 [main] INFO  testCase.TC_003_LoginTest_DDT - Entered Password...
16:11:31.141 [main] INFO  testCase.TC_003_LoginTest_DDT - Clicked Login...
16:11:41.155 [main] INFO  testCase.TC_003_LoginTest_DDT - Finished TC_003_loginTest_DDT
16:11:41.170 [main] INFO  testCase.TC_003_LoginTest_DDT - Starting TC_003_loginTest_DDT
16:11:41.233 [main] INFO  testCase.TC_003_LoginTest_DDT - Clicked on My Account
16:11:41.440 [main] INFO  testCase.TC_003_LoginTest_DDT - Clicked on Login
16:11:41.526 [main] INFO  testCase.TC_003_LoginTest_DDT - Entered Email...
16:11:41.597 [main] INFO  testCase.TC_003_LoginTest_DDT - Entered Password...
16:11:41.801 [main] INFO  testCase.TC_003_LoginTest_DDT - Clicked Login...
16:11:51.857 [main] INFO  testCase.TC_003_LoginTest_DDT - Finished TC_003_loginTest_DDT
16:11:51.865 [main] INFO  testCase.TC_003_LoginTest_DDT - Starting TC_003_loginTest_DDT
16:11:51.928 [main] INFO  testCase.TC_003_LoginTest_DDT - Clicked on My Account
16:11:52.119 [main] INFO  testCase.TC_003_LoginTest_DDT - Clicked on Login
16:11:52.185 [main] INFO  testCase.TC_003_LoginTest_DDT - Entered Email...
16:11:52.262 [main] INFO  testCase.TC_003_LoginTest_DDT - Entered Password...
16:11:52.479 [main] INFO  testCase.TC_003_LoginTest_DDT - Clicked Login...
16:11:52.541 [main] INFO  testCase.TC_003_LoginTest_DDT - Finished TC_003_loginTest_DDT
16:11:52.552 [main] INFO  testCase.TC_003_LoginTest_DDT - Starting TC_003_loginTest_DDT
16:11:52.611 [main] INFO  testCase.TC_003_LoginTest_DDT - Clicked on My Account
16:12:03.072 [main] INFO  testCase.TC_003_LoginTest_DDT - Starting TC_003_loginTest_DDT
16:12:03.099 [main] INFO  testCase.TC_003_LoginTest_DDT - Clicked on My Account
16:13:02.936 [main] INFO  testCase.TC_003_LoginTest_DDT - Starting TC_003_loginTest_DDT
16:13:03.002 [main] INFO  testCase.TC_003_LoginTest_DDT - Clicked on My Account
16:13:03.244 [main] INFO  testCase.TC_003_LoginTest_DDT - Clicked on Login
16:13:03.359 [main] INFO  testCase.TC_003_LoginTest_DDT - Entered Email...
16:13:03.457 [main] INFO  testCase.TC_003_LoginTest_DDT - Entered Password...
16:13:03.645 [main] INFO  testCase.TC_003_LoginTest_DDT - Clicked Login...
16:13:13.665 [main] INFO  testCase.TC_003_LoginTest_DDT - Finished TC_003_loginTest_DDT
16:13:13.696 [main] INFO  testCase.TC_003_LoginTest_DDT - Starting TC_003_loginTest_DDT
16:13:13.753 [main] INFO  testCase.TC_003_LoginTest_DDT - Clicked on My Account
16:13:13.936 [main] INFO  testCase.TC_003_LoginTest_DDT - Clicked on Login
16:13:14.034 [main] INFO  testCase.TC_003_LoginTest_DDT - Entered Email...
16:13:14.099 [main] INFO  testCase.TC_003_LoginTest_DDT - Entered Password...
16:13:14.274 [main] INFO  testCase.TC_003_LoginTest_DDT - Clicked Login...
16:13:24.300 [main] INFO  testCase.TC_003_LoginTest_DDT - Finished TC_003_loginTest_DDT
16:13:24.310 [main] INFO  testCase.TC_003_LoginTest_DDT - Starting TC_003_loginTest_DDT
16:13:24.362 [main] INFO  testCase.TC_003_LoginTest_DDT - Clicked on My Account
16:13:24.584 [main] INFO  testCase.TC_003_LoginTest_DDT - Clicked on Login
16:13:24.665 [main] INFO  testCase.TC_003_LoginTest_DDT - Entered Email...
16:13:24.732 [main] INFO  testCase.TC_003_LoginTest_DDT - Entered Password...
16:13:24.947 [main] INFO  testCase.TC_003_LoginTest_DDT - Clicked Login...
16:13:24.992 [main] INFO  testCase.TC_003_LoginTest_DDT - Finished TC_003_loginTest_DDT
16:13:24.992 [main] INFO  testCase.TC_003_LoginTest_DDT - Starting TC_003_loginTest_DDT
16:13:25.046 [main] INFO  testCase.TC_003_LoginTest_DDT - Clicked on My Account
16:13:47.167 [main] INFO  testCase.TC_003_LoginTest_DDT - Starting TC_003_loginTest_DDT
16:13:47.240 [main] INFO  testCase.TC_003_LoginTest_DDT - Clicked on My Account
16:13:47.450 [main] INFO  testCase.TC_003_LoginTest_DDT - Clicked on Login
16:13:47.535 [main] INFO  testCase.TC_003_LoginTest_DDT - Entered Email...
16:13:47.624 [main] INFO  testCase.TC_003_LoginTest_DDT - Entered Password...
16:13:47.819 [main] INFO  testCase.TC_003_LoginTest_DDT - Clicked Login...
16:14:41.419 [main] INFO  testCase.TC_003_LoginTest_DDT - Finished TC_003_loginTest_DDT
16:21:11.595 [main] INFO  testCase.TC_003_LoginTest_DDT - Starting TC_003_loginTest_DDT
16:21:11.721 [main] INFO  testCase.TC_003_LoginTest_DDT - Clicked on My Account
16:21:11.985 [main] INFO  testCase.TC_003_LoginTest_DDT - Clicked on Login
16:21:12.076 [main] INFO  testCase.TC_003_LoginTest_DDT - Entered Email...
16:21:12.154 [main] INFO  testCase.TC_003_LoginTest_DDT - Entered Password...
16:21:12.392 [main] INFO  testCase.TC_003_LoginTest_DDT - Clicked Login...
16:21:22.446 [main] INFO  testCase.TC_003_LoginTest_DDT - Finished TC_003_loginTest_DDT
16:21:22.461 [main] INFO  testCase.TC_003_LoginTest_DDT - Starting TC_003_loginTest_DDT
16:21:22.512 [main] INFO  testCase.TC_003_LoginTest_DDT - Clicked on My Account
16:21:22.691 [main] INFO  testCase.TC_003_LoginTest_DDT - Clicked on Login
16:21:22.753 [main] INFO  testCase.TC_003_LoginTest_DDT - Entered Email...
16:21:22.821 [main] INFO  testCase.TC_003_LoginTest_DDT - Entered Password...
16:21:22.982 [main] INFO  testCase.TC_003_LoginTest_DDT - Clicked Login...
16:21:33.011 [main] INFO  testCase.TC_003_LoginTest_DDT - Finished TC_003_loginTest_DDT
16:21:33.011 [main] INFO  testCase.TC_003_LoginTest_DDT - Starting TC_003_loginTest_DDT
16:21:33.068 [main] INFO  testCase.TC_003_LoginTest_DDT - Clicked on My Account
16:21:33.255 [main] INFO  testCase.TC_003_LoginTest_DDT - Clicked on Login
16:21:33.321 [main] INFO  testCase.TC_003_LoginTest_DDT - Entered Email...
16:21:33.377 [main] INFO  testCase.TC_003_LoginTest_DDT - Entered Password...
16:21:33.573 [main] INFO  testCase.TC_003_LoginTest_DDT - Clicked Login...
16:21:33.610 [main] INFO  testCase.TC_003_LoginTest_DDT - Finished TC_003_loginTest_DDT
16:21:33.616 [main] INFO  testCase.TC_003_LoginTest_DDT - Starting TC_003_loginTest_DDT
16:21:33.666 [main] INFO  testCase.TC_003_LoginTest_DDT - Clicked on My Account
16:21:43.915 [main] INFO  testCase.TC_003_LoginTest_DDT - Starting TC_003_loginTest_DDT
16:21:43.951 [main] INFO  testCase.TC_003_LoginTest_DDT - Clicked on My Account
16:27:37.653 [main] INFO  testCase.TC_003_LoginTest_DDT - Starting TC_003_loginTest_DDT
16:27:37.715 [main] INFO  testCase.TC_003_LoginTest_DDT - Clicked on My Account
16:27:37.912 [main] INFO  testCase.TC_003_LoginTest_DDT - Clicked on Login
16:27:37.976 [main] INFO  testCase.TC_003_LoginTest_DDT - Entered Email...
16:27:38.054 [main] INFO  testCase.TC_003_LoginTest_DDT - Entered Password...
16:27:38.228 [main] INFO  testCase.TC_003_LoginTest_DDT - Clicked Login...
16:27:48.246 [main] INFO  testCase.TC_003_LoginTest_DDT - Finished TC_003_loginTest_DDT
16:27:48.262 [main] INFO  testCase.TC_003_LoginTest_DDT - Starting TC_003_loginTest_DDT
16:27:48.300 [main] INFO  testCase.TC_003_LoginTest_DDT - Clicked on My Account
16:27:48.479 [main] INFO  testCase.TC_003_LoginTest_DDT - Clicked on Login
16:27:48.539 [main] INFO  testCase.TC_003_LoginTest_DDT - Entered Email...
16:27:48.590 [main] INFO  testCase.TC_003_LoginTest_DDT - Entered Password...
16:27:48.747 [main] INFO  testCase.TC_003_LoginTest_DDT - Clicked Login...
16:27:58.772 [main] INFO  testCase.TC_003_LoginTest_DDT - Finished TC_003_loginTest_DDT
16:27:58.779 [main] INFO  testCase.TC_003_LoginTest_DDT - Starting TC_003_loginTest_DDT
16:27:58.822 [main] INFO  testCase.TC_003_LoginTest_DDT - Clicked on My Account
16:27:59.002 [main] INFO  testCase.TC_003_LoginTest_DDT - Clicked on Login
16:27:59.067 [main] INFO  testCase.TC_003_LoginTest_DDT - Entered Email...
16:27:59.126 [main] INFO  testCase.TC_003_LoginTest_DDT - Entered Password...
16:27:59.316 [main] INFO  testCase.TC_003_LoginTest_DDT - Clicked Login...
16:27:59.518 [main] INFO  testCase.TC_003_LoginTest_DDT - Finished TC_003_loginTest_DDT
16:27:59.524 [main] INFO  testCase.TC_003_LoginTest_DDT - Starting TC_003_loginTest_DDT
16:27:59.558 [main] INFO  testCase.TC_003_LoginTest_DDT - Clicked on My Account
16:27:59.703 [main] INFO  testCase.TC_003_LoginTest_DDT - Clicked on Login
16:27:59.757 [main] INFO  testCase.TC_003_LoginTest_DDT - Entered Email...
16:27:59.811 [main] INFO  testCase.TC_003_LoginTest_DDT - Entered Password...
16:27:59.969 [main] INFO  testCase.TC_003_LoginTest_DDT - Clicked Login...
16:28:09.987 [main] INFO  testCase.TC_003_LoginTest_DDT - Finished TC_003_loginTest_DDT
16:28:09.987 [main] INFO  testCase.TC_003_LoginTest_DDT - Starting TC_003_loginTest_DDT
16:28:10.039 [main] INFO  testCase.TC_003_LoginTest_DDT - Clicked on My Account
16:28:10.222 [main] INFO  testCase.TC_003_LoginTest_DDT - Clicked on Login
16:28:10.286 [main] INFO  testCase.TC_003_LoginTest_DDT - Entered Email...
16:28:10.340 [main] INFO  testCase.TC_003_LoginTest_DDT - Entered Password...
16:28:10.526 [main] INFO  testCase.TC_003_LoginTest_DDT - Clicked Login...
16:28:10.742 [main] INFO  testCase.TC_003_LoginTest_DDT - Finished TC_003_loginTest_DDT
16:31:06.917 [main] INFO  testCase.TC_001_AccountRegistrationTest - **** Starting TC_001_AccountRegistrationTest ****
16:31:06.987 [main] INFO  testCase.TC_001_AccountRegistrationTest - Clicked on My Account link
16:31:07.270 [main] INFO  testCase.TC_001_AccountRegistrationTest - Clicked on Register link
16:31:07.273 [main] INFO  testCase.TC_001_AccountRegistrationTest - Providing customer data
16:31:14.996 [main] INFO  testCase.TC_001_AccountRegistrationTest - Clicked on continue
16:31:20.009 [main] INFO  testCase.TC_001_AccountRegistrationTest - Validating expected message
16:31:20.040 [main] INFO  testCase.TC_001_AccountRegistrationTest - **** Finished TC_001_AccountRegistrationTest ****
16:31:24.055 [main] INFO  testCase.TC_002_LoginTest - *** Starting TC_002_LoginTest ***
16:31:24.093 [main] INFO  testCase.TC_002_LoginTest - Clicked on My Account
16:31:24.292 [main] INFO  testCase.TC_002_LoginTest - Clicked on Login
16:31:24.367 [main] INFO  testCase.TC_002_LoginTest - Entered Email...
16:31:24.434 [main] INFO  testCase.TC_002_LoginTest - Entered Password...
16:31:24.670 [main] INFO  testCase.TC_002_LoginTest - Clicked Login...
16:31:24.704 [main] INFO  testCase.TC_002_LoginTest - *** Finished TC_002_LoginTest ***
16:31:29.441 [main] INFO  testCase.TC_003_LoginTest_DDT - Starting TC_003_loginTest_DDT
16:31:29.488 [main] INFO  testCase.TC_003_LoginTest_DDT - Clicked on My Account
16:31:29.682 [main] INFO  testCase.TC_003_LoginTest_DDT - Clicked on Login
16:31:29.742 [main] INFO  testCase.TC_003_LoginTest_DDT - Entered Email...
16:31:29.805 [main] INFO  testCase.TC_003_LoginTest_DDT - Entered Password...
16:31:29.976 [main] INFO  testCase.TC_003_LoginTest_DDT - Clicked Login...
16:31:40.031 [main] INFO  testCase.TC_003_LoginTest_DDT - Finished TC_003_loginTest_DDT
16:31:40.031 [main] INFO  testCase.TC_003_LoginTest_DDT - Starting TC_003_loginTest_DDT
16:31:40.076 [main] INFO  testCase.TC_003_LoginTest_DDT - Clicked on My Account
16:31:40.241 [main] INFO  testCase.TC_003_LoginTest_DDT - Clicked on Login
16:31:40.311 [main] INFO  testCase.TC_003_LoginTest_DDT - Entered Email...
16:31:40.363 [main] INFO  testCase.TC_003_LoginTest_DDT - Entered Password...
16:31:40.532 [main] INFO  testCase.TC_003_LoginTest_DDT - Clicked Login...
16:31:50.547 [main] INFO  testCase.TC_003_LoginTest_DDT - Finished TC_003_loginTest_DDT
16:31:50.555 [main] INFO  testCase.TC_003_LoginTest_DDT - Starting TC_003_loginTest_DDT
16:31:50.592 [main] INFO  testCase.TC_003_LoginTest_DDT - Clicked on My Account
16:31:50.773 [main] INFO  testCase.TC_003_LoginTest_DDT - Clicked on Login
16:31:50.839 [main] INFO  testCase.TC_003_LoginTest_DDT - Entered Email...
16:31:50.895 [main] INFO  testCase.TC_003_LoginTest_DDT - Entered Password...
16:31:51.084 [main] INFO  testCase.TC_003_LoginTest_DDT - Clicked Login...
16:31:51.289 [main] INFO  testCase.TC_003_LoginTest_DDT - Finished TC_003_loginTest_DDT
16:31:51.292 [main] INFO  testCase.TC_003_LoginTest_DDT - Starting TC_003_loginTest_DDT
16:31:51.328 [main] INFO  testCase.TC_003_LoginTest_DDT - Clicked on My Account
16:31:51.480 [main] INFO  testCase.TC_003_LoginTest_DDT - Clicked on Login
16:31:51.535 [main] INFO  testCase.TC_003_LoginTest_DDT - Entered Email...
16:31:51.591 [main] INFO  testCase.TC_003_LoginTest_DDT - Entered Password...
16:31:51.747 [main] INFO  testCase.TC_003_LoginTest_DDT - Clicked Login...
16:32:01.771 [main] INFO  testCase.TC_003_LoginTest_DDT - Finished TC_003_loginTest_DDT
16:32:01.779 [main] INFO  testCase.TC_003_LoginTest_DDT - Starting TC_003_loginTest_DDT
16:32:01.817 [main] INFO  testCase.TC_003_LoginTest_DDT - Clicked on My Account
16:32:01.993 [main] INFO  testCase.TC_003_LoginTest_DDT - Clicked on Login
16:32:02.055 [main] INFO  testCase.TC_003_LoginTest_DDT - Entered Email...
16:32:02.101 [main] INFO  testCase.TC_003_LoginTest_DDT - Entered Password...
16:32:02.298 [main] INFO  testCase.TC_003_LoginTest_DDT - Clicked Login...
16:32:02.499 [main] INFO  testCase.TC_003_LoginTest_DDT - Finished TC_003_loginTest_DDT
17:34:48.641 [main] INFO  testCase.TC_001_AccountRegistrationTest - **** Starting TC_001_AccountRegistrationTest ****
17:34:48.701 [main] INFO  testCase.TC_001_AccountRegistrationTest - Clicked on My Account link
17:34:48.968 [main] INFO  testCase.TC_001_AccountRegistrationTest - Clicked on Register link
17:34:48.976 [main] INFO  testCase.TC_001_AccountRegistrationTest - Providing customer data
17:34:56.630 [main] INFO  testCase.TC_001_AccountRegistrationTest - Clicked on continue
17:35:01.648 [main] INFO  testCase.TC_001_AccountRegistrationTest - Validating expected message
17:35:01.680 [main] INFO  testCase.TC_001_AccountRegistrationTest - **** Finished TC_001_AccountRegistrationTest ****
17:35:05.946 [main] INFO  testCase.TC_002_LoginTest - *** Starting TC_002_LoginTest ***
17:35:05.992 [main] INFO  testCase.TC_002_LoginTest - Clicked on My Account
17:35:06.192 [main] INFO  testCase.TC_002_LoginTest - Clicked on Login
17:35:06.264 [main] INFO  testCase.TC_002_LoginTest - Entered Email...
17:35:06.345 [main] INFO  testCase.TC_002_LoginTest - Entered Password...
17:35:06.554 [main] INFO  testCase.TC_002_LoginTest - Clicked Login...
17:35:06.595 [main] INFO  testCase.TC_002_LoginTest - *** Finished TC_002_LoginTest ***
17:40:48.544 [main] INFO  testCase.TC_001_AccountRegistrationTest - **** Starting TC_001_AccountRegistrationTest ****
17:40:48.621 [main] INFO  testCase.TC_001_AccountRegistrationTest - Clicked on My Account link
17:40:48.898 [main] INFO  testCase.TC_001_AccountRegistrationTest - Clicked on Register link
17:40:48.903 [main] INFO  testCase.TC_001_AccountRegistrationTest - Providing customer data
17:40:56.622 [main] INFO  testCase.TC_001_AccountRegistrationTest - Clicked on continue
17:41:01.632 [main] INFO  testCase.TC_001_AccountRegistrationTest - Validating expected message
17:41:06.245 [main] INFO  testCase.TC_002_LoginTest - *** Starting TC_002_LoginTest ***
17:41:06.317 [main] INFO  testCase.TC_002_LoginTest - Clicked on My Account
17:41:06.550 [main] INFO  testCase.TC_002_LoginTest - Clicked on Login
17:41:06.615 [main] INFO  testCase.TC_002_LoginTest - Entered Email...
17:41:06.684 [main] INFO  testCase.TC_002_LoginTest - Entered Password...
17:41:06.887 [main] INFO  testCase.TC_002_LoginTest - Clicked Login...
17:41:06.939 [main] INFO  testCase.TC_002_LoginTest - *** Finished TC_002_LoginTest ***
17:41:52.342 [main] INFO  testCase.TC_001_AccountRegistrationTest - **** Starting TC_001_AccountRegistrationTest ****
17:41:52.404 [main] INFO  testCase.TC_001_AccountRegistrationTest - Clicked on My Account link
17:41:52.642 [main] INFO  testCase.TC_001_AccountRegistrationTest - Clicked on Register link
17:41:52.643 [main] INFO  testCase.TC_001_AccountRegistrationTest - Providing customer data
17:42:00.300 [main] INFO  testCase.TC_001_AccountRegistrationTest - Clicked on continue
17:42:05.315 [main] INFO  testCase.TC_001_AccountRegistrationTest - Validating expected message
17:42:05.347 [main] INFO  testCase.TC_001_AccountRegistrationTest - **** Finished TC_001_AccountRegistrationTest ****
17:42:43.287 [main] INFO  testCase.TC_001_AccountRegistrationTest - **** Starting TC_001_AccountRegistrationTest ****
17:42:43.347 [main] INFO  testCase.TC_001_AccountRegistrationTest - Clicked on My Account link
17:42:43.570 [main] INFO  testCase.TC_001_AccountRegistrationTest - Clicked on Register link
17:42:43.572 [main] INFO  testCase.TC_001_AccountRegistrationTest - Providing customer data
17:42:46.247 [main] INFO  testCase.TC_001_AccountRegistrationTest - Clicked on continue
17:42:46.249 [main] INFO  testCase.TC_001_AccountRegistrationTest - Validating expected message
17:42:46.281 [main] INFO  testCase.TC_001_AccountRegistrationTest - **** Finished TC_001_AccountRegistrationTest ****
17:42:51.102 [main] INFO  testCase.TC_002_LoginTest - *** Starting TC_002_LoginTest ***
17:42:51.144 [main] INFO  testCase.TC_002_LoginTest - Clicked on My Account
17:42:51.339 [main] INFO  testCase.TC_002_LoginTest - Clicked on Login
17:42:51.419 [main] INFO  testCase.TC_002_LoginTest - Entered Email...
17:42:51.482 [main] INFO  testCase.TC_002_LoginTest - Entered Password...
17:42:51.706 [main] INFO  testCase.TC_002_LoginTest - Clicked Login...
17:42:51.746 [main] INFO  testCase.TC_002_LoginTest - *** Finished TC_002_LoginTest ***
17:44:29.450 [main] INFO  testCase.TC_001_AccountRegistrationTest - **** Starting TC_001_AccountRegistrationTest ****
17:44:29.523 [main] INFO  testCase.TC_001_AccountRegistrationTest - Clicked on My Account link
17:44:29.771 [main] INFO  testCase.TC_001_AccountRegistrationTest - Clicked on Register link
17:44:29.772 [main] INFO  testCase.TC_001_AccountRegistrationTest - Providing customer data
17:44:32.421 [main] INFO  testCase.TC_001_AccountRegistrationTest - Clicked on continue
17:44:32.421 [main] INFO  testCase.TC_001_AccountRegistrationTest - Validating expected message
17:44:32.455 [main] INFO  testCase.TC_001_AccountRegistrationTest - **** Finished TC_001_AccountRegistrationTest ****
17:44:36.263 [main] INFO  testCase.TC_002_LoginTest - *** Starting TC_002_LoginTest ***
17:44:36.307 [main] INFO  testCase.TC_002_LoginTest - Clicked on My Account
17:44:36.503 [main] INFO  testCase.TC_002_LoginTest - Clicked on Login
17:44:36.573 [main] INFO  testCase.TC_002_LoginTest - Entered Email...
17:44:36.630 [main] INFO  testCase.TC_002_LoginTest - Entered Password...
17:44:36.790 [main] INFO  testCase.TC_002_LoginTest - Clicked Login...
21:03:07.180 [main] INFO  testCase.TC_001_AccountRegistrationTest - **** Starting TC_001_AccountRegistrationTest ****
21:03:07.287 [main] INFO  testCase.TC_001_AccountRegistrationTest - Clicked on My Account link
21:03:07.586 [main] INFO  testCase.TC_001_AccountRegistrationTest - Clicked on Register link
21:03:07.588 [main] INFO  testCase.TC_001_AccountRegistrationTest - Providing customer data
21:03:10.614 [main] INFO  testCase.TC_001_AccountRegistrationTest - Clicked on continue
21:03:10.614 [main] INFO  testCase.TC_001_AccountRegistrationTest - Validating expected message
21:03:10.652 [main] INFO  testCase.TC_001_AccountRegistrationTest - **** Finished TC_001_AccountRegistrationTest ****
21:03:14.658 [main] INFO  testCase.TC_002_LoginTest - *** Starting TC_002_LoginTest ***
21:03:14.720 [main] INFO  testCase.TC_002_LoginTest - Clicked on My Account
21:03:14.950 [main] INFO  testCase.TC_002_LoginTest - Clicked on Login
21:03:15.021 [main] INFO  testCase.TC_002_LoginTest - Entered Email...
21:03:15.086 [main] INFO  testCase.TC_002_LoginTest - Entered Password...
21:03:15.308 [main] INFO  testCase.TC_002_LoginTest - Clicked Login...
21:03:15.355 [main] INFO  testCase.TC_002_LoginTest - *** Finished TC_002_LoginTest ***
21:03:21.604 [main] INFO  testCase.TC_003_LoginTest_DDT - Starting TC_003_loginTest_DDT
21:03:21.691 [main] INFO  testCase.TC_003_LoginTest_DDT - Clicked on My Account
21:03:21.959 [main] INFO  testCase.TC_003_LoginTest_DDT - Clicked on Login
21:03:22.046 [main] INFO  testCase.TC_003_LoginTest_DDT - Entered Email...
21:03:22.132 [main] INFO  testCase.TC_003_LoginTest_DDT - Entered Password...
21:03:22.406 [main] INFO  testCase.TC_003_LoginTest_DDT - Clicked Login...
21:03:32.469 [main] INFO  testCase.TC_003_LoginTest_DDT - Finished TC_003_loginTest_DDT
21:03:32.469 [main] INFO  testCase.TC_003_LoginTest_DDT - Starting TC_003_loginTest_DDT
21:03:32.524 [main] INFO  testCase.TC_003_LoginTest_DDT - Clicked on My Account
21:03:32.832 [main] INFO  testCase.TC_003_LoginTest_DDT - Clicked on Login
21:03:32.896 [main] INFO  testCase.TC_003_LoginTest_DDT - Entered Email...
21:03:32.960 [main] INFO  testCase.TC_003_LoginTest_DDT - Entered Password...
21:03:33.264 [main] INFO  testCase.TC_003_LoginTest_DDT - Clicked Login...
21:03:43.310 [main] INFO  testCase.TC_003_LoginTest_DDT - Finished TC_003_loginTest_DDT
21:03:43.310 [main] INFO  testCase.TC_003_LoginTest_DDT - Starting TC_003_loginTest_DDT
21:03:43.372 [main] INFO  testCase.TC_003_LoginTest_DDT - Clicked on My Account
21:03:43.700 [main] INFO  testCase.TC_003_LoginTest_DDT - Clicked on Login
21:03:43.786 [main] INFO  testCase.TC_003_LoginTest_DDT - Entered Email...
21:03:43.852 [main] INFO  testCase.TC_003_LoginTest_DDT - Entered Password...
21:03:44.210 [main] INFO  testCase.TC_003_LoginTest_DDT - Clicked Login...
21:03:44.626 [main] INFO  testCase.TC_003_LoginTest_DDT - Finished TC_003_loginTest_DDT
21:03:44.629 [main] INFO  testCase.TC_003_LoginTest_DDT - Starting TC_003_loginTest_DDT
21:03:44.675 [main] INFO  testCase.TC_003_LoginTest_DDT - Clicked on My Account
21:03:44.978 [main] INFO  testCase.TC_003_LoginTest_DDT - Clicked on Login
21:03:45.041 [main] INFO  testCase.TC_003_LoginTest_DDT - Entered Email...
21:03:45.109 [main] INFO  testCase.TC_003_LoginTest_DDT - Entered Password...
21:03:45.431 [main] INFO  testCase.TC_003_LoginTest_DDT - Clicked Login...
21:03:55.445 [main] INFO  testCase.TC_003_LoginTest_DDT - Finished TC_003_loginTest_DDT
21:03:55.445 [main] INFO  testCase.TC_003_LoginTest_DDT - Starting TC_003_loginTest_DDT
21:03:55.496 [main] INFO  testCase.TC_003_LoginTest_DDT - Clicked on My Account
21:03:55.803 [main] INFO  testCase.TC_003_LoginTest_DDT - Clicked on Login
21:03:55.872 [main] INFO  testCase.TC_003_LoginTest_DDT - Entered Email...
21:03:55.925 [main] INFO  testCase.TC_003_LoginTest_DDT - Entered Password...
21:03:56.287 [main] INFO  testCase.TC_003_LoginTest_DDT - Clicked Login...
21:03:56.683 [main] INFO  testCase.TC_003_LoginTest_DDT - Finished TC_003_loginTest_DDT
21:14:39.863 [main] INFO  testCase.TC_001_AccountRegistrationTest - **** Starting TC_001_AccountRegistrationTest ****
21:14:39.957 [main] INFO  testCase.TC_001_AccountRegistrationTest - Clicked on My Account link
21:14:40.385 [main] INFO  testCase.TC_001_AccountRegistrationTest - Clicked on Register link
21:14:40.387 [main] INFO  testCase.TC_001_AccountRegistrationTest - Providing customer data
21:14:43.283 [main] INFO  testCase.TC_001_AccountRegistrationTest - Clicked on continue
21:14:43.283 [main] INFO  testCase.TC_001_AccountRegistrationTest - Validating expected message
21:14:43.319 [main] INFO  testCase.TC_001_AccountRegistrationTest - **** Finished TC_001_AccountRegistrationTest ****
21:14:47.642 [main] INFO  testCase.TC_002_LoginTest - *** Starting TC_002_LoginTest ***
21:14:47.699 [main] INFO  testCase.TC_002_LoginTest - Clicked on My Account
21:14:48.069 [main] INFO  testCase.TC_002_LoginTest - Clicked on Login
21:14:48.148 [main] INFO  testCase.TC_002_LoginTest - Entered Email...
21:14:48.208 [main] INFO  testCase.TC_002_LoginTest - Entered Password...
21:14:48.587 [main] INFO  testCase.TC_002_LoginTest - Clicked Login...
21:14:48.617 [main] INFO  testCase.TC_002_LoginTest - *** Finished TC_002_LoginTest ***
21:14:53.417 [main] INFO  testCase.TC_003_LoginTest_DDT - Starting TC_003_loginTest_DDT
21:14:53.468 [main] INFO  testCase.TC_003_LoginTest_DDT - Clicked on My Account
21:14:53.833 [main] INFO  testCase.TC_003_LoginTest_DDT - Clicked on Login
21:14:53.889 [main] INFO  testCase.TC_003_LoginTest_DDT - Entered Email...
21:14:53.948 [main] INFO  testCase.TC_003_LoginTest_DDT - Entered Password...
21:14:54.248 [main] INFO  testCase.TC_003_LoginTest_DDT - Clicked Login...
21:15:04.317 [main] INFO  testCase.TC_003_LoginTest_DDT - Finished TC_003_loginTest_DDT
21:15:04.317 [main] INFO  testCase.TC_003_LoginTest_DDT - Starting TC_003_loginTest_DDT
21:15:04.369 [main] INFO  testCase.TC_003_LoginTest_DDT - Clicked on My Account
21:15:04.736 [main] INFO  testCase.TC_003_LoginTest_DDT - Clicked on Login
21:15:04.808 [main] INFO  testCase.TC_003_LoginTest_DDT - Entered Email...
21:15:04.872 [main] INFO  testCase.TC_003_LoginTest_DDT - Entered Password...
21:15:05.158 [main] INFO  testCase.TC_003_LoginTest_DDT - Clicked Login...
21:15:15.216 [main] INFO  testCase.TC_003_LoginTest_DDT - Finished TC_003_loginTest_DDT
21:15:15.216 [main] INFO  testCase.TC_003_LoginTest_DDT - Starting TC_003_loginTest_DDT
21:15:15.280 [main] INFO  testCase.TC_003_LoginTest_DDT - Clicked on My Account
21:15:15.589 [main] INFO  testCase.TC_003_LoginTest_DDT - Clicked on Login
21:15:15.677 [main] INFO  testCase.TC_003_LoginTest_DDT - Entered Email...
21:15:15.743 [main] INFO  testCase.TC_003_LoginTest_DDT - Entered Password...
21:15:16.117 [main] INFO  testCase.TC_003_LoginTest_DDT - Clicked Login...
21:15:16.505 [main] INFO  testCase.TC_003_LoginTest_DDT - Finished TC_003_loginTest_DDT
21:15:16.507 [main] INFO  testCase.TC_003_LoginTest_DDT - Starting TC_003_loginTest_DDT
21:15:16.544 [main] INFO  testCase.TC_003_LoginTest_DDT - Clicked on My Account
21:15:16.862 [main] INFO  testCase.TC_003_LoginTest_DDT - Clicked on Login
21:15:16.940 [main] INFO  testCase.TC_003_LoginTest_DDT - Entered Email...
21:15:17.004 [main] INFO  testCase.TC_003_LoginTest_DDT - Entered Password...
21:15:17.315 [main] INFO  testCase.TC_003_LoginTest_DDT - Clicked Login...
21:15:27.345 [main] INFO  testCase.TC_003_LoginTest_DDT - Finished TC_003_loginTest_DDT
21:15:27.345 [main] INFO  testCase.TC_003_LoginTest_DDT - Starting TC_003_loginTest_DDT
21:15:27.409 [main] INFO  testCase.TC_003_LoginTest_DDT - Clicked on My Account
21:15:27.727 [main] INFO  testCase.TC_003_LoginTest_DDT - Clicked on Login
21:15:27.797 [main] INFO  testCase.TC_003_LoginTest_DDT - Entered Email...
21:15:27.855 [main] INFO  testCase.TC_003_LoginTest_DDT - Entered Password...
21:15:28.229 [main] INFO  testCase.TC_003_LoginTest_DDT - Clicked Login...
21:15:28.596 [main] INFO  testCase.TC_003_LoginTest_DDT - Finished TC_003_loginTest_DDT
21:21:19.660 [main] INFO  testCase.TC_001_AccountRegistrationTest - **** Starting TC_001_AccountRegistrationTest ****
21:21:19.738 [main] INFO  testCase.TC_001_AccountRegistrationTest - Clicked on My Account link
21:21:20.158 [main] INFO  testCase.TC_001_AccountRegistrationTest - Clicked on Register link
21:21:20.162 [main] INFO  testCase.TC_001_AccountRegistrationTest - Providing customer data
21:21:23.017 [main] INFO  testCase.TC_001_AccountRegistrationTest - Clicked on continue
21:21:23.017 [main] INFO  testCase.TC_001_AccountRegistrationTest - Validating expected message
21:21:23.058 [main] INFO  testCase.TC_001_AccountRegistrationTest - **** Finished TC_001_AccountRegistrationTest ****
21:21:27.239 [main] INFO  testCase.TC_002_LoginTest - *** Starting TC_002_LoginTest ***
21:21:27.304 [main] INFO  testCase.TC_002_LoginTest - Clicked on My Account
21:21:27.629 [main] INFO  testCase.TC_002_LoginTest - Clicked on Login
21:21:27.696 [main] INFO  testCase.TC_002_LoginTest - Entered Email...
21:21:27.764 [main] INFO  testCase.TC_002_LoginTest - Entered Password...
21:21:28.107 [main] INFO  testCase.TC_002_LoginTest - Clicked Login...
21:21:28.148 [main] INFO  testCase.TC_002_LoginTest - *** Finished TC_002_LoginTest ***
21:21:32.909 [main] INFO  testCase.TC_003_LoginTest_DDT - Starting TC_003_loginTest_DDT
21:21:32.972 [main] INFO  testCase.TC_003_LoginTest_DDT - Clicked on My Account
21:21:33.302 [main] INFO  testCase.TC_003_LoginTest_DDT - Clicked on Login
