21:21:33.365 [main] INFO  testCase.TC_003_LoginTest_DDT - Entered Email...
21:21:33.440 [main] INFO  testCase.TC_003_LoginTest_DDT - Entered Password...
21:21:33.736 [main] INFO  testCase.TC_003_LoginTest_DDT - Clicked Login...
21:21:43.772 [main] INFO  testCase.TC_003_LoginTest_DDT - Finished TC_003_loginTest_DDT
21:21:43.772 [main] INFO  testCase.TC_003_LoginTest_DDT - Starting TC_003_loginTest_DDT
21:21:43.823 [main] INFO  testCase.TC_003_LoginTest_DDT - Clicked on My Account
21:21:44.141 [main] INFO  testCase.TC_003_LoginTest_DDT - Clicked on Login
21:21:44.205 [main] INFO  testCase.TC_003_LoginTest_DDT - Entered Email...
21:21:44.282 [main] INFO  testCase.TC_003_LoginTest_DDT - Entered Password...
21:21:44.578 [main] INFO  testCase.TC_003_LoginTest_DDT - Clicked Login...
21:21:54.628 [main] INFO  testCase.TC_003_LoginTest_DDT - Finished TC_003_loginTest_DDT
21:21:54.628 [main] INFO  testCase.TC_003_LoginTest_DDT - Starting TC_003_loginTest_DDT
21:21:54.692 [main] INFO  testCase.TC_003_LoginTest_DDT - Clicked on My Account
21:21:55.014 [main] INFO  testCase.TC_003_LoginTest_DDT - Clicked on Login
21:21:55.091 [main] INFO  testCase.TC_003_LoginTest_DDT - Entered Email...
21:21:55.150 [main] INFO  testCase.TC_003_LoginTest_DDT - Entered Password...
21:21:55.515 [main] INFO  testCase.TC_003_LoginTest_DDT - Clicked Login...
21:21:55.930 [main] INFO  testCase.TC_003_LoginTest_DDT - Finished TC_003_loginTest_DDT
21:21:55.930 [main] INFO  testCase.TC_003_LoginTest_DDT - Starting TC_003_loginTest_DDT
21:21:55.978 [main] INFO  testCase.TC_003_LoginTest_DDT - Clicked on My Account
21:21:56.277 [main] INFO  testCase.TC_003_LoginTest_DDT - Clicked on Login
21:21:56.341 [main] INFO  testCase.TC_003_LoginTest_DDT - Entered Email...
21:21:56.409 [main] INFO  testCase.TC_003_LoginTest_DDT - Entered Password...
21:21:56.727 [main] INFO  testCase.TC_003_LoginTest_DDT - Clicked Login...
21:22:06.754 [main] INFO  testCase.TC_003_LoginTest_DDT - Finished TC_003_loginTest_DDT
21:22:06.759 [main] INFO  testCase.TC_003_LoginTest_DDT - Starting TC_003_loginTest_DDT
21:22:06.810 [main] INFO  testCase.TC_003_LoginTest_DDT - Clicked on My Account
21:22:07.111 [main] INFO  testCase.TC_003_LoginTest_DDT - Clicked on Login
21:22:07.181 [main] INFO  testCase.TC_003_LoginTest_DDT - Entered Email...
21:22:07.242 [main] INFO  testCase.TC_003_LoginTest_DDT - Entered Password...
21:22:07.614 [main] INFO  testCase.TC_003_LoginTest_DDT - Clicked Login...
21:22:08.001 [main] INFO  testCase.TC_003_LoginTest_DDT - Finished TC_003_loginTest_DDT
